<?xml version="1.0" encoding="UTF-8"?>
<!-- Generated by org.testng.reporters.JUnitXMLReporter -->
<testsuite ignored="8" hostname="LTIN206337" failures="0" tests="6" name="TestChrome" time="226.803" errors="0" timestamp="2024-02-15T16:33:35 IST">
  <testcase classname="testCases.TC_001_HomePage" name="verifyTitle" time="0.758"/>
  <testcase classname="testCases.TC_002_UpcomingBike" name="verifyNewBike" time="37.843"/>
  <testcase classname="testCases.TC_002_UpcomingBike" name="verifyUpcomingBike" time="45.411"/>
  <testcase classname="testCases.TC_003_UsedCar" name="verifyUsedBike" time="46.053"/>
  <testcase classname="testCases.TC_004_LoginSignup" name="verifyLoginSignPage" time="5.093"/>
  <testcase classname="testCases.TC_005_LoginPage" name="verifyLoginPage" time="9.882"/>
  <testcase classname="testBase.BaseClass" name="@AfterTest tearDown" time="0.0">
    <ignored/>
  </testcase> <!-- @AfterTest tearDown -->
  <testcase classname="testBase.BaseClass" name="@AfterTest tearDown" time="0.0">
    <ignored/>
  </testcase> <!-- @AfterTest tearDown -->
  <testcase classname="testBase.BaseClass" name="@AfterTest tearDown" time="0.0">
    <ignored/>
  </testcase> <!-- @AfterTest tearDown -->
  <testcase classname="testBase.BaseClass" name="@AfterTest tearDown" time="0.0">
    <ignored/>
  </testcase> <!-- @AfterTest tearDown -->
  <testcase classname="testBase.BaseClass" name="@BeforeTest setup" time="0.0">
    <ignored/>
  </testcase> <!-- @BeforeTest setup -->
  <testcase classname="testBase.BaseClass" name="@BeforeTest setup" time="0.0">
    <ignored/>
  </testcase> <!-- @BeforeTest setup -->
  <testcase classname="testBase.BaseClass" name="@BeforeTest setup" time="0.0">
    <ignored/>
  </testcase> <!-- @BeforeTest setup -->
  <testcase classname="testBase.BaseClass" name="@BeforeTest setup" time="0.0">
    <ignored/>
  </testcase> <!-- @BeforeTest setup -->
</testsuite> <!-- TestChrome -->
