<?xml version="1.0" encoding="UTF-8"?>
<!-- Generated by org.testng.reporters.JUnitXMLReporter -->
<testsuite ignored="8" hostname="LTIN206337" failures="0" tests="6" name="Test" time="254.229" errors="0" timestamp="2024-02-06T09:47:06 IST">
  <testcase classname="testCases.TC_001_HomePage" name="verifyTitle" time="6.526"/>
  <testcase classname="testCases.TC_002_UpcomingBike" name="verifyNewBike" time="39.226"/>
  <testcase classname="testCases.TC_002_UpcomingBike" name="verifyUpcomingBike" time="58.86"/>
  <testcase classname="testCases.TC_003_UsedCar" name="verifyUsedBike" time="76.64"/>
  <testcase classname="testCases.TC_004_LoginSignup" name="verifyLoginPage" time="6.576"/>
  <testcase classname="testCases.TC_005_LoginPage" name="verifyLoginPage" time="9.238"/>
  <testcase classname="testBase.BaseClass" name="@AfterTest tearDown" time="0.0">
    <ignored/>
  </testcase> <!-- @AfterTest tearDown -->
  <testcase classname="testBase.BaseClass" name="@AfterTest tearDown" time="0.0">
    <ignored/>
  </testcase> <!-- @AfterTest tearDown -->
  <testcase classname="testBase.BaseClass" name="@AfterTest tearDown" time="0.0">
    <ignored/>
  </testcase> <!-- @AfterTest tearDown -->
  <testcase classname="testBase.BaseClass" name="@AfterTest tearDown" time="0.0">
    <ignored/>
  </testcase> <!-- @AfterTest tearDown -->
  <testcase classname="testBase.BaseClass" name="@BeforeTest setup" time="0.0">
    <ignored/>
  </testcase> <!-- @BeforeTest setup -->
  <testcase classname="testBase.BaseClass" name="@BeforeTest setup" time="0.0">
    <ignored/>
  </testcase> <!-- @BeforeTest setup -->
  <testcase classname="testBase.BaseClass" name="@BeforeTest setup" time="0.0">
    <ignored/>
  </testcase> <!-- @BeforeTest setup -->
  <testcase classname="testBase.BaseClass" name="@BeforeTest setup" time="0.0">
    <ignored/>
  </testcase> <!-- @BeforeTest setup -->
</testsuite> <!-- Test -->
