<?xml version="1.0" encoding="UTF-8"?>
<!-- Generated by org.testng.reporters.JUnitXMLReporter -->
<testsuite ignored="8" hostname="LTIN206337" failures="0" tests="6" name="TestChrome" time="251.99" errors="0" timestamp="2024-02-12T12:40:14 IST">
  <testcase classname="testCases.TC_001_HomePage" name="verifyTitle" time="0.741"/>
  <testcase classname="testCases.TC_002_UpcomingBike" name="verifyNewBike" time="38.214"/>
  <testcase classname="testCases.TC_002_UpcomingBike" name="verifyUpcomingBike" time="51.24"/>
  <testcase classname="testCases.TC_003_UsedCar" name="verifyUsedBike" time="40.616"/>
  <testcase classname="testCases.TC_004_LoginSignup" name="verifyLoginSignPage" time="6.285"/>
  <testcase classname="testCases.TC_005_LoginPage" name="verifyLoginPage" time="9.813"/>
  <testcase classname="testBase.BaseClass" name="@BeforeTest setup" time="0.0">
    <ignored/>
  </testcase> <!-- @BeforeTest setup -->
  <testcase classname="testBase.BaseClass" name="@AfterTest tearDown" time="0.0">
    <ignored/>
  </testcase> <!-- @AfterTest tearDown -->
  <testcase classname="testBase.BaseClass" name="@AfterTest tearDown" time="0.0">
    <ignored/>
  </testcase> <!-- @AfterTest tearDown -->
  <testcase classname="testBase.BaseClass" name="@BeforeTest setup" time="0.0">
    <ignored/>
  </testcase> <!-- @BeforeTest setup -->
  <testcase classname="testBase.BaseClass" name="@AfterTest tearDown" time="0.0">
    <ignored/>
  </testcase> <!-- @AfterTest tearDown -->
  <testcase classname="testBase.BaseClass" name="@AfterTest tearDown" time="0.0">
    <ignored/>
  </testcase> <!-- @AfterTest tearDown -->
  <testcase classname="testBase.BaseClass" name="@BeforeTest setup" time="0.0">
    <ignored/>
  </testcase> <!-- @BeforeTest setup -->
  <testcase classname="testBase.BaseClass" name="@BeforeTest setup" time="0.0">
    <ignored/>
  </testcase> <!-- @BeforeTest setup -->
</testsuite> <!-- TestChrome -->
