<?xml version="1.0" encoding="UTF-8"?>
<testng-results ignored="0" total="6" passed="6" failed="0" skipped="0">
  <reporter-output>
  </reporter-output>
  <suite started-at="2024-02-12T12:35:42 IST" name="Suite" finished-at="2024-02-12T12:39:54 IST" duration-ms="251990">
    <groups>
      <group name="regression">
        <method signature="TC_003_UsedCar.verifyUsedBike()[pri:0, instance:testCases.TC_003_UsedCar@2d7275fc]" name="verifyUsedBike" class="testCases.TC_003_UsedCar"/>
        <method signature="TC_002_UpcomingBike.verifyNewBike()[pri:1, instance:testCases.TC_002_UpcomingBike@72d1ad2e]" name="verifyNewBike" class="testCases.TC_002_UpcomingBike"/>
        <method signature="TC_002_UpcomingBike.verifyUpcomingBike(java.lang.String)[pri:2, instance:testCases.TC_002_UpcomingBike@72d1ad2e]" name="verifyUpcomingBike" class="testCases.TC_002_UpcomingBike"/>
        <method signature="TC_005_LoginPage.verifyLoginPage()[pri:2, instance:testCases.TC_005_LoginPage@38c6f217]" name="verifyLoginPage" class="testCases.TC_005_LoginPage"/>
      </group> <!-- regression -->
      <group name="smoke">
        <method signature="TC_002_UpcomingBike.verifyNewBike()[pri:1, instance:testCases.TC_002_UpcomingBike@72d1ad2e]" name="verifyNewBike" class="testCases.TC_002_UpcomingBike"/>
        <method signature="TC_004_LoginSignup.verifyLoginSignPage()[pri:1, instance:testCases.TC_004_LoginSignup@399f45b1]" name="verifyLoginSignPage" class="testCases.TC_004_LoginSignup"/>
      </group> <!-- smoke -->
      <group name="sanity">
        <method signature="TC_001_HomePage.verifyTitle()[pri:0, instance:testCases.TC_001_HomePage@37afeb11]" name="verifyTitle" class="testCases.TC_001_HomePage"/>
      </group> <!-- sanity -->
      <group name="master">
        <method signature="TC_003_UsedCar.verifyUsedBike()[pri:0, instance:testCases.TC_003_UsedCar@2d7275fc]" name="verifyUsedBike" class="testCases.TC_003_UsedCar"/>
        <method signature="TC_002_UpcomingBike.verifyNewBike()[pri:1, instance:testCases.TC_002_UpcomingBike@72d1ad2e]" name="verifyNewBike" class="testCases.TC_002_UpcomingBike"/>
        <method signature="TC_004_LoginSignup.verifyLoginSignPage()[pri:1, instance:testCases.TC_004_LoginSignup@399f45b1]" name="verifyLoginSignPage" class="testCases.TC_004_LoginSignup"/>
        <method signature="TC_002_UpcomingBike.verifyUpcomingBike(java.lang.String)[pri:2, instance:testCases.TC_002_UpcomingBike@72d1ad2e]" name="verifyUpcomingBike" class="testCases.TC_002_UpcomingBike"/>
        <method signature="TC_005_LoginPage.verifyLoginPage()[pri:2, instance:testCases.TC_005_LoginPage@38c6f217]" name="verifyLoginPage" class="testCases.TC_005_LoginPage"/>
        <method signature="TC_001_HomePage.verifyTitle()[pri:0, instance:testCases.TC_001_HomePage@37afeb11]" name="verifyTitle" class="testCases.TC_001_HomePage"/>
      </group> <!-- master -->
    </groups>
    <test started-at="2024-02-12T12:35:42 IST" name="TestChrome" finished-at="2024-02-12T12:39:54 IST" duration-ms="251990">
      <class name="testCases.TC_005_LoginPage">
        <test-method signature="verifyLoginPage()[pri:2, instance:testCases.TC_005_LoginPage@38c6f217]" started-at="2024-02-12T12:39:42 IST" name="verifyLoginPage" finished-at="2024-02-12T12:39:52 IST" duration-ms="9813" status="PASS">
          <reporter-output>
          </reporter-output>
        </test-method> <!-- verifyLoginPage -->
      </class> <!-- testCases.TC_005_LoginPage -->
      <class name="testCases.TC_004_LoginSignup">
        <test-method signature="verifyLoginSignPage()[pri:1, instance:testCases.TC_004_LoginSignup@399f45b1]" started-at="2024-02-12T12:39:36 IST" name="verifyLoginSignPage" finished-at="2024-02-12T12:39:42 IST" duration-ms="6285" status="PASS">
          <reporter-output>
          </reporter-output>
        </test-method> <!-- verifyLoginSignPage -->
      </class> <!-- testCases.TC_004_LoginSignup -->
      <class name="testCases.TC_002_UpcomingBike">
        <test-method signature="verifyNewBike()[pri:1, instance:testCases.TC_002_UpcomingBike@72d1ad2e]" started-at="2024-02-12T12:37:24 IST" name="verifyNewBike" finished-at="2024-02-12T12:38:02 IST" duration-ms="38214" status="PASS">
          <reporter-output>
          </reporter-output>
        </test-method> <!-- verifyNewBike -->
        <test-method signature="verifyUpcomingBike(java.lang.String)[pri:2, instance:testCases.TC_002_UpcomingBike@72d1ad2e]" started-at="2024-02-12T12:38:04 IST" name="verifyUpcomingBike" data-provider="Manufacturer" finished-at="2024-02-12T12:38:56 IST" depends-on-methods="testCases.TC_002_UpcomingBike.verifyNewBike" duration-ms="51240" status="PASS">
          <params>
            <param index="0">
              <value>
                <![CDATA[Honda]]>
              </value>
            </param>
          </params>
          <reporter-output>
          </reporter-output>
        </test-method> <!-- verifyUpcomingBike -->
      </class> <!-- testCases.TC_002_UpcomingBike -->
      <class name="testCases.TC_001_HomePage">
        <test-method is-config="true" signature="setup(java.lang.String,java.lang.String)[pri:0, instance:testCases.TC_001_HomePage@37afeb11]" started-at="2024-02-12T12:35:43 IST" name="setup" finished-at="2024-02-12T12:37:23 IST" duration-ms="99963" status="PASS">
          <params>
            <param index="0">
              <value>
                <![CDATA[Windows]]>
              </value>
            </param>
            <param index="1">
              <value>
                <![CDATA[chrome]]>
              </value>
            </param>
          </params>
          <reporter-output>
          </reporter-output>
        </test-method> <!-- setup -->
        <test-method signature="verifyTitle()[pri:0, instance:testCases.TC_001_HomePage@37afeb11]" started-at="2024-02-12T12:37:23 IST" name="verifyTitle" finished-at="2024-02-12T12:37:24 IST" duration-ms="741" status="PASS">
          <reporter-output>
          </reporter-output>
        </test-method> <!-- verifyTitle -->
        <test-method is-config="true" signature="tearDown()[pri:0, instance:testCases.TC_001_HomePage@37afeb11]" started-at="2024-02-12T12:39:52 IST" name="tearDown" finished-at="2024-02-12T12:39:54 IST" duration-ms="1910" status="PASS">
          <reporter-output>
          </reporter-output>
        </test-method> <!-- tearDown -->
      </class> <!-- testCases.TC_001_HomePage -->
      <class name="testCases.TC_003_UsedCar">
        <test-method signature="verifyUsedBike()[pri:0, instance:testCases.TC_003_UsedCar@2d7275fc]" started-at="2024-02-12T12:38:56 IST" name="verifyUsedBike" finished-at="2024-02-12T12:39:36 IST" duration-ms="40616" status="PASS">
          <reporter-output>
          </reporter-output>
        </test-method> <!-- verifyUsedBike -->
      </class> <!-- testCases.TC_003_UsedCar -->
    </test> <!-- TestChrome -->
  </suite> <!-- Suite -->
</testng-results>
